\BOOKMARK [1][-]{section.1}{Introducci\363n}{}% 1
\BOOKMARK [1][-]{section.2}{Antecedentes}{}% 2
\BOOKMARK [2][-]{subsection.2.1}{Memoria de Trabajo}{section.2}% 3
\BOOKMARK [3][-]{subsubsection.2.1.1}{Mantenimiento y Manipulaci\363n en la Memoria de Trabajo}{subsection.2.1}% 4
\BOOKMARK [3][-]{subsubsection.2.1.2}{Neurofisiolog\355a de la Memoria de Trabajo}{subsection.2.1}% 5
\BOOKMARK [2][-]{subsection.2.2}{Ritmos Circadianos}{section.2}% 6
\BOOKMARK [2][-]{subsection.2.3}{Variaciones Diurnas y Cognici\363n}{section.2}% 7
\BOOKMARK [2][-]{subsection.2.4}{Efecto de las Variaciones Diurnas en la Memoria de Trabajo}{section.2}% 8
\BOOKMARK [1][-]{section.3}{Planteamiento del problema}{}% 9
\BOOKMARK [1][-]{section.4}{Justificaci\363n}{}% 10
\BOOKMARK [1][-]{section.5}{Pregunta de Investigaci\363n}{}% 11
\BOOKMARK [1][-]{section.6}{Hip\363tesis}{}% 12
\BOOKMARK [1][-]{section.7}{Objetivo General}{}% 13
\BOOKMARK [2][-]{subsection.7.1}{Objetivo Especifico}{section.7}% 14
\BOOKMARK [1][-]{section.8}{M\351todo}{}% 15
\BOOKMARK [2][-]{subsection.8.1}{Participantes}{section.8}% 16
\BOOKMARK [2][-]{subsection.8.2}{Materiales y Aparatos}{section.8}% 17
\BOOKMARK [3][-]{subsubsection.8.2.1}{Instrumentos}{subsection.8.2}% 18
\BOOKMARK [4][-]{paragraph.8.2.1.1}{Carta de Consentimiento Informado}{subsubsection.8.2.1}% 19
\BOOKMARK [4][-]{paragraph.8.2.1.2}{Cuestionario de Datos Generales}{subsubsection.8.2.1}% 20
\BOOKMARK [4][-]{paragraph.8.2.1.3}{Inventario de Edimburgo}{subsubsection.8.2.1}% 21
\BOOKMARK [4][-]{paragraph.8.2.1.4}{Cuestionario de Uso de Sustancias}{subsubsection.8.2.1}% 22
\BOOKMARK [4][-]{paragraph.8.2.1.5}{Inventario de Depresi\363n de Beck}{subsubsection.8.2.1}% 23
\BOOKMARK [4][-]{paragraph.8.2.1.6}{Inventario de Ansiedad de Beck}{subsubsection.8.2.1}% 24
\BOOKMARK [4][-]{paragraph.8.2.1.7}{Subescala de Retenci\363n de WAIS-III }{subsubsection.8.2.1}% 25
\BOOKMARK [4][-]{paragraph.8.2.1.8}{Escala Breve de Inteligencia Shipley-2}{subsubsection.8.2.1}% 26
\BOOKMARK [4][-]{paragraph.8.2.1.9}{Cuestionario de Matutinidad-Vespertinidad}{subsubsection.8.2.1}% 27
\BOOKMARK [2][-]{subsection.8.3}{Est\355mulos}{section.8}% 28
\BOOKMARK [2][-]{subsection.8.4}{Tareas Experimentales}{section.8}% 29
\BOOKMARK [3][-]{subsubsection.8.4.1}{Tarea Control}{subsection.8.4}% 30
\BOOKMARK [3][-]{subsubsection.8.4.2}{Tarea de Mantenimiento}{subsection.8.4}% 31
\BOOKMARK [3][-]{subsubsection.8.4.3}{Tarea de Manipulaci\363n}{subsection.8.4}% 32
\BOOKMARK [2][-]{subsection.8.5}{Procedimiento}{section.8}% 33
\BOOKMARK [2][-]{subsection.8.6}{An\341lisis Estad\355stico}{section.8}% 34
\BOOKMARK [1][-]{section.9}{Resultados}{}% 35
\BOOKMARK [2][-]{subsection.9.1}{Descripci\363n de la Muestra}{section.9}% 36
\BOOKMARK [2][-]{subsection.9.2}{Eficiencia en la Memoria de Trabajo}{section.9}% 37
\BOOKMARK [3][-]{subsubsection.9.2.1}{\045 Respuestas Correctas}{subsection.9.2}% 38
\BOOKMARK [3][-]{subsubsection.9.2.2}{d\220}{subsection.9.2}% 39
\BOOKMARK [3][-]{subsubsection.9.2.3}{Tiempo de Reacci\363n}{subsection.9.2}% 40
\BOOKMARK [1][-]{section.10}{Discusi\363n}{}% 41
\BOOKMARK [1][-]{section.11}{Limitaciones y sugerencias}{}% 42
\BOOKMARK [1][-]{section.12}{Conclusiones}{}% 43
\BOOKMARK [1][-]{section*.15}{Referencias}{}% 44
